<?xml version="1.0" encoding="UTF-8"?>
<testng-results skipped="0" failed="0" ignored="0" total="2" passed="2">
  <reporter-output>
  </reporter-output>
  <suite name="Default suite" duration-ms="20647" started-at="2021-09-19T00:18:28Z" finished-at="2021-09-19T00:18:49Z">
    <groups>
    </groups>
    <test name="Default test" duration-ms="20647" started-at="2021-09-19T00:18:28Z" finished-at="2021-09-19T00:18:49Z">
      <class name="com.testng.practice.TestWebPagee">
        <test-method status="PASS" signature="setUp()[pri:0, instance:com.testng.practice.TestWebPagee@561b6512]" name="setUp" is-config="true" duration-ms="5908" started-at="2021-09-19T00:18:28Z" finished-at="2021-09-19T00:18:34Z">
          <reporter-output>
          </reporter-output>
        </test-method> <!-- setUp -->
        <test-method status="PASS" signature="getActionsOne()[pri:1, instance:com.testng.practice.TestWebPagee@561b6512]" name="getActionsOne" duration-ms="3069" started-at="2021-09-19T00:18:34Z" finished-at="2021-09-19T00:18:37Z">
          <reporter-output>
          </reporter-output>
        </test-method> <!-- getActionsOne -->
        <test-method status="PASS" signature="tearDown()[pri:0, instance:com.testng.practice.TestWebPagee@561b6512]" name="tearDown" is-config="true" duration-ms="135" started-at="2021-09-19T00:18:37Z" finished-at="2021-09-19T00:18:38Z">
          <reporter-output>
          </reporter-output>
        </test-method> <!-- tearDown -->
        <test-method status="PASS" signature="setUp()[pri:0, instance:com.testng.practice.TestWebPagee@561b6512]" name="setUp" is-config="true" duration-ms="5251" started-at="2021-09-19T00:18:38Z" finished-at="2021-09-19T00:18:43Z">
          <reporter-output>
          </reporter-output>
        </test-method> <!-- setUp -->
        <test-method status="PASS" signature="getActionsTwo()[pri:2, instance:com.testng.practice.TestWebPagee@561b6512]" name="getActionsTwo" duration-ms="6091" started-at="2021-09-19T00:18:43Z" finished-at="2021-09-19T00:18:49Z">
          <reporter-output>
          </reporter-output>
        </test-method> <!-- getActionsTwo -->
        <test-method status="PASS" signature="tearDown()[pri:0, instance:com.testng.practice.TestWebPagee@561b6512]" name="tearDown" is-config="true" duration-ms="157" started-at="2021-09-19T00:18:49Z" finished-at="2021-09-19T00:18:49Z">
          <reporter-output>
          </reporter-output>
        </test-method> <!-- tearDown -->
      </class> <!-- com.testng.practice.TestWebPagee -->
    </test> <!-- Default test -->
  </suite> <!-- Default suite -->
</testng-results>
