<?xml version="1.0" encoding="UTF-8"?>
<!-- Generated by org.testng.reporters.JUnitXMLReporter -->
<testsuite hostname="Mohammeds-MBP.cable.rcn.com" ignored="0" name="Default test" tests="5" failures="0" timestamp="2021-09-19T22:22:51 EDT" time="2.936" errors="0">
  <testcase name="getSalary" time="0.008" classname="com.testng.practice.TestNGPrioritize"/>
  <testcase name="getName" time="0.001" classname="com.testng.practice.TestNGPrioritize"/>
  <testcase name="getSmarttech" time="0.001" classname="com.testng.practice.TestNGPrioritize"/>
  <testcase name="getStudents" time="2.878" classname="com.testng.practice.TestNGPrioritize"/>
  <testcase name="getBatchNine" time="0.001" classname="com.testng.practice.TestNGPrioritize"/>
</testsuite> <!-- Default test -->
